<?xml version="1.0" encoding="UTF-8"?>
<testsuite name="ucf.assignments.FileManagerTest" tests="7" skipped="0" failures="0" errors="0" timestamp="2021-07-25T22:25:30" hostname="DESKTOP-FR34QKU" time="0.182">
  <properties/>
  <testcase name="saveInventoryAsHTMLTest()" classname="ucf.assignments.FileManagerTest" time="0.036"/>
  <testcase name="loadInventoryAsJSONTest()" classname="ucf.assignments.FileManagerTest" time="0.038"/>
  <testcase name="saveInventoryAsTSVTest()" classname="ucf.assignments.FileManagerTest" time="0.011"/>
  <testcase name="readStringTest()" classname="ucf.assignments.FileManagerTest" time="0.001"/>
  <testcase name="loadInventoryAsTSVTest()" classname="ucf.assignments.FileManagerTest" time="0.004"/>
  <testcase name="loadInventoryAsHTMLTest()" classname="ucf.assignments.FileManagerTest" time="0.081"/>
  <testcase name="saveInventoryAsJSON()" classname="ucf.assignments.FileManagerTest" time="0.007"/>
  <system-out><![CDATA[]]></system-out>
  <system-err><![CDATA[]]></system-err>
</testsuite>
