<?xml version="1.0" encoding="UTF-8"?>
<testsuite name="ucf.assignments.FileManagerTest" tests="7" skipped="0" failures="0" errors="0" timestamp="2021-07-25T22:15:31" hostname="DESKTOP-FR34QKU" time="0.159">
  <properties/>
  <testcase name="saveInventoryAsHTMLTest()" classname="ucf.assignments.FileManagerTest" time="0.036"/>
  <testcase name="loadInventoryAsJSONTest()" classname="ucf.assignments.FileManagerTest" time="0.034"/>
  <testcase name="saveInventoryAsTSVTest()" classname="ucf.assignments.FileManagerTest" time="0.011"/>
  <testcase name="readStringTest()" classname="ucf.assignments.FileManagerTest" time="0.001"/>
  <testcase name="loadInventoryAsTSVTest()" classname="ucf.assignments.FileManagerTest" time="0.003"/>
  <testcase name="loadInventoryAsHTMLTest()" classname="ucf.assignments.FileManagerTest" time="0.065"/>
  <testcase name="saveInventoryAsJSON()" classname="ucf.assignments.FileManagerTest" time="0.005"/>
  <system-out><![CDATA[]]></system-out>
  <system-err><![CDATA[]]></system-err>
</testsuite>
